<?xml version="1.0" encoding="UTF-8"?>
<testsuite name="com.central.tests.HomePageTests" tests="4" skipped="0" failures="0" errors="0" timestamp="2021-06-21T05:30:32" hostname="BLRM-300068019" time="28.523">
  <properties/>
  <testcase name="VerifyPage2Navigation" classname="com.central.tests.HomePageTests" time="11.103"/>
  <testcase name="VerifySelectedTagIsDismissed" classname="com.central.tests.HomePageTests" time="5.144"/>
  <testcase name="VerifyTagIsHighlightedOnHover" classname="com.central.tests.HomePageTests" time="5.173"/>
  <testcase name="VerifyUserIsAbleToSelectTheTag" classname="com.central.tests.HomePageTests" time="5.076"/>
  <system-out><![CDATA[TextColor : rgba(92, 184, 92, 1)
onDismiss Color : rgba(255, 255, 255, 1)
TextColor : rgba(255, 255, 255, 1)
Background Color : rgba(104, 112, 119, 1)
]]></system-out>
  <system-err><![CDATA[log4j:WARN No appenders could be found for logger (com.central.utilis.logger.ILogger).
log4j:WARN Please initialize the log4j system properly.
log4j:WARN See http://logging.apache.org/log4j/1.2/faq.html#noconfig for more info.
Starting ChromeDriver 91.0.4472.101 (af52a90bf87030dd1523486a1cd3ae25c5d76c9b-refs/branch-heads/4472@{#1462}) on port 9747
Only local connections are allowed.
Please see https://chromedriver.chromium.org/security-considerations for suggestions on keeping ChromeDriver safe.
[1624253427.991][WARNING]: FromSockAddr failed on netmask
ChromeDriver was started successfully.
Jun 21, 2021 11:00:29 AM org.openqa.selenium.remote.ProtocolHandshake createSession
INFO: Detected dialect: W3C
]]></system-err>
</testsuite>
